2020-03-03 01:41:56,129 INFO PERFORMANCE:|3|1|-1|-1

2020-03-03 07:09:29,526 INFO PERFORMANCE:|3|1|2|2

2020-03-03 07:14:29,541 INFO PERFORMANCE:|3|0|5|5

2020-03-03 07:19:29,553 INFO PERFORMANCE:|3|1|1|1

2020-03-03 07:24:29,571 INFO PERFORMANCE:|3|1|10|6

2020-03-03 07:29:29,584 INFO PERFORMANCE:|3|1|0|-1

2020-03-03 07:34:29,602 INFO PERFORMANCE:|3|1|1|1

2020-03-03 07:39:29,618 INFO PERFORMANCE:|3|1|1|1

2020-03-03 07:44:29,634 INFO PERFORMANCE:|3|1|-1|-1

2020-03-03 07:49:29,652 INFO PERFORMANCE:|3|1|20|11

2020-03-03 07:54:29,664 INFO PERFORMANCE:|3|1|1|1

2020-03-03 07:59:29,678 INFO PERFORMANCE:|3|1|6|5

2020-03-03 08:04:29,701 INFO PERFORMANCE:|3|1|4|4

2020-03-03 08:09:29,714 INFO PERFORMANCE:|3|1|9|9

2020-03-03 08:14:29,736 INFO PERFORMANCE:|3|1|1|1

2020-03-03 08:19:29,749 INFO PERFORMANCE:|3|1|7|7

2020-03-03 08:24:29,761 INFO PERFORMANCE:|3|0|3|3

2020-03-03 08:29:29,770 INFO PERFORMANCE:|3|1|2|2

2020-03-03 08:34:29,788 INFO PERFORMANCE:|3|1|7|5

2020-03-03 08:39:29,801 INFO PERFORMANCE:|3|1|-1|-1

2020-03-03 08:44:29,811 INFO PERFORMANCE:|3|1|3|2

2020-03-03 08:49:29,826 INFO PERFORMANCE:|3|1|2|2

2020-03-03 08:54:29,838 INFO PERFORMANCE:|3|1|9|5

2020-03-03 08:59:29,856 INFO PERFORMANCE:|3|1|1|1

2020-03-03 09:04:29,874 INFO PERFORMANCE:|3|1|5|5

2020-03-03 09:09:29,891 INFO PERFORMANCE:|3|1|4|4

2020-03-03 09:14:29,904 INFO PERFORMANCE:|3|1|4|4

2020-03-03 09:19:29,917 INFO PERFORMANCE:|3|0|-1|-1

2020-03-03 09:24:29,929 INFO PERFORMANCE:|3|1|1|1

2020-03-03 09:29:29,940 INFO PERFORMANCE:|3|1|3|3

2020-03-03 09:34:29,954 INFO PERFORMANCE:|3|1|0|-1

2020-03-03 09:39:29,967 INFO PERFORMANCE:|3|1|3|3

2020-03-03 09:44:29,980 INFO PERFORMANCE:|3|0|3|3

2020-03-03 09:49:29,992 INFO PERFORMANCE:|3|1|0|-1

2020-03-03 09:54:30,006 INFO PERFORMANCE:|3|1|-1|-1

2020-03-03 09:59:30,020 INFO PERFORMANCE:|3|1|-1|-1

2020-03-03 10:04:30,030 INFO PERFORMANCE:|3|1|-1|-1

2020-03-03 10:09:30,045 INFO PERFORMANCE:|3|1|-1|-1

2020-03-03 10:14:30,060 INFO PERFORMANCE:|3|1|-1|-1

2020-03-03 10:19:30,074 INFO PERFORMANCE:|3|1|-1|-1

2020-03-03 10:24:30,085 INFO PERFORMANCE:|3|1|-1|-1

2020-03-03 10:29:30,094 INFO PERFORMANCE:|3|0|-1|-1

2020-03-03 10:34:30,108 INFO PERFORMANCE:|3|1|-1|-1

2020-03-03 10:39:30,118 INFO PERFORMANCE:|3|1|-1|-1

2020-03-03 10:44:30,135 INFO PERFORMANCE:|3|1|-1|-1

2020-03-03 10:49:30,151 INFO PERFORMANCE:|3|1|-1|-1

2020-03-03 10:54:30,166 INFO PERFORMANCE:|3|1|-1|-1

2020-03-03 10:59:30,179 INFO PERFORMANCE:|3|1|-1|-1

2020-03-03 11:04:30,191 INFO PERFORMANCE:|3|1|-1|-1

2020-03-03 11:09:30,205 INFO PERFORMANCE:|3|1|-1|-1

2020-03-03 11:14:30,220 INFO PERFORMANCE:|3|1|2|2

2020-03-03 11:19:30,231 INFO PERFORMANCE:|3|1|-1|-1

2020-03-03 11:24:30,244 INFO PERFORMANCE:|3|1|-1|-1

2020-03-03 11:29:30,257 INFO PERFORMANCE:|3|1|-1|-1

2020-03-03 11:34:30,271 INFO PERFORMANCE:|3|1|-1|-1

2020-03-03 11:39:30,285 INFO PERFORMANCE:|3|1|-1|-1

2020-03-03 11:44:30,295 INFO PERFORMANCE:|3|1|-1|-1

2020-03-03 11:49:30,306 INFO PERFORMANCE:|3|1|-1|-1

2020-03-03 11:54:30,317 INFO PERFORMANCE:|3|1|-1|-1

2020-03-03 11:59:30,327 INFO PERFORMANCE:|3|1|-1|-1

2020-03-03 12:04:30,339 INFO PERFORMANCE:|3|1|-1|-1

2020-03-03 12:09:30,354 INFO PERFORMANCE:|3|1|-1|-1

2020-03-03 12:14:30,366 INFO PERFORMANCE:|3|1|-1|-1

2020-03-03 12:19:30,381 INFO PERFORMANCE:|3|1|-1|-1

2020-03-03 12:24:30,400 INFO PERFORMANCE:|3|1|-1|-1

2020-03-03 12:29:30,425 INFO PERFORMANCE:|3|1|-1|-1

2020-03-03 12:34:30,441 INFO PERFORMANCE:|3|1|-1|-1

2020-03-03 12:39:30,457 INFO PERFORMANCE:|3|1|-1|-1

2020-03-03 12:44:30,474 INFO PERFORMANCE:|3|1|-1|-1

2020-03-03 12:49:30,489 INFO PERFORMANCE:|3|1|-1|-1

2020-03-03 12:54:30,508 INFO PERFORMANCE:|3|1|-1|-1

2020-03-03 12:59:30,528 INFO PERFORMANCE:|3|1|-1|-1

2020-03-03 13:04:30,537 INFO PERFORMANCE:|3|1|-1|-1

2020-03-03 13:09:30,550 INFO PERFORMANCE:|3|0|1|1

2020-03-03 13:14:30,565 INFO PERFORMANCE:|3|1|-1|-1

2020-03-03 13:19:30,576 INFO PERFORMANCE:|3|1|-1|-1

2020-03-03 13:24:30,590 INFO PERFORMANCE:|3|1|-1|-1

2020-03-03 13:29:30,603 INFO PERFORMANCE:|3|1|-1|-1

2020-03-03 13:34:30,616 INFO PERFORMANCE:|3|1|-1|-1

2020-03-03 13:39:30,630 INFO PERFORMANCE:|3|1|-1|-1

2020-03-03 13:44:30,646 INFO PERFORMANCE:|3|1|-1|-1

2020-03-03 13:49:30,661 INFO PERFORMANCE:|3|1|-1|-1

2020-03-03 13:54:30,674 INFO PERFORMANCE:|3|1|-1|-1

2020-03-03 13:59:30,687 INFO PERFORMANCE:|3|1|-1|-1

2020-03-03 14:04:30,699 INFO PERFORMANCE:|3|1|-1|-1

2020-03-03 14:09:30,712 INFO PERFORMANCE:|3|1|-1|-1

2020-03-03 14:14:30,728 INFO PERFORMANCE:|3|1|-1|-1

2020-03-03 14:19:30,743 INFO PERFORMANCE:|3|1|-1|-1

2020-03-03 14:24:30,755 INFO PERFORMANCE:|3|1|-1|-1

2020-03-03 14:29:30,770 INFO PERFORMANCE:|3|1|-1|-1

2020-03-03 14:34:30,781 INFO PERFORMANCE:|3|1|-1|-1

2020-03-03 14:39:30,794 INFO PERFORMANCE:|3|1|-1|-1

2020-03-03 14:44:30,806 INFO PERFORMANCE:|3|1|-1|-1

2020-03-03 14:49:30,823 INFO PERFORMANCE:|3|0|2|2

2020-03-03 14:54:30,837 INFO PERFORMANCE:|3|1|0|-1

2020-03-03 14:59:30,853 INFO PERFORMANCE:|3|1|-1|-1

2020-03-03 15:04:30,863 INFO PERFORMANCE:|3|1|-1|-1

2020-03-03 15:09:30,877 INFO PERFORMANCE:|3|1|-1|-1

2020-03-03 15:14:30,890 INFO PERFORMANCE:|3|0|-1|-1

2020-03-03 15:19:30,902 INFO PERFORMANCE:|3|1|-1|-1

2020-03-03 15:24:30,913 INFO PERFORMANCE:|3|1|-1|-1

2020-03-03 15:29:30,926 INFO PERFORMANCE:|3|1|-1|-1

2020-03-03 15:34:30,939 INFO PERFORMANCE:|3|1|-1|-1

2020-03-03 15:39:30,953 INFO PERFORMANCE:|3|1|-1|-1

2020-03-03 15:44:30,968 INFO PERFORMANCE:|3|1|-1|-1

2020-03-03 15:49:30,980 INFO PERFORMANCE:|3|1|-1|-1

2020-03-03 15:54:30,997 INFO PERFORMANCE:|3|1|-1|-1

2020-03-03 15:59:31,011 INFO PERFORMANCE:|3|0|-1|-1

2020-03-03 16:04:31,024 INFO PERFORMANCE:|3|1|-1|-1

2020-03-03 16:09:31,035 INFO PERFORMANCE:|3|1|-1|-1

2020-03-03 16:14:31,050 INFO PERFORMANCE:|3|1|-1|-1

2020-03-03 16:19:31,081 INFO PERFORMANCE:|3|1|-1|-1

2020-03-03 16:24:31,096 INFO PERFORMANCE:|3|1|-1|-1

2020-03-03 16:29:31,108 INFO PERFORMANCE:|3|1|-1|-1

2020-03-03 16:34:31,122 INFO PERFORMANCE:|3|0|-1|-1

2020-03-03 16:39:31,133 INFO PERFORMANCE:|3|1|-1|-1

2020-03-03 16:44:31,147 INFO PERFORMANCE:|3|1|-1|-1

2020-03-03 16:49:31,158 INFO PERFORMANCE:|3|1|-1|-1

2020-03-03 16:54:31,174 INFO PERFORMANCE:|3|1|-1|-1

2020-03-03 16:59:31,187 INFO PERFORMANCE:|3|1|-1|-1

2020-03-03 17:04:31,200 INFO PERFORMANCE:|3|1|-1|-1

2020-03-03 17:09:31,213 INFO PERFORMANCE:|3|1|-1|-1

2020-03-03 17:14:31,223 INFO PERFORMANCE:|3|1|-1|-1

2020-03-03 17:19:31,241 INFO PERFORMANCE:|3|1|-1|-1

