/Library/Java/JavaVirtualMachines/jdk1.8.0_40.jdk/Contents/Home/bin/java  -Xms512m -Xmx512m -Xmn256m -Dnacos.standalone=true -Djava.ext.dirs=/Library/Java/JavaVirtualMachines/jdk1.8.0_40.jdk/Contents/Home/jre/lib/ext:/Library/Java/JavaVirtualMachines/jdk1.8.0_40.jdk/Contents/Home/lib/ext -Xloggc:/Users/lcc/Downloads/JAVAEE/cli/spring-dubbo-hdsx-x2/dubbo-service-nacos/nacos/nacos/logs/nacos_gc.log -verbose:gc -XX:+PrintGCDetails -XX:+PrintGCDateStamps -XX:+PrintGCTimeStamps -XX:+UseGCLogFileRotation -XX:NumberOfGCLogFiles=10 -XX:GCLogFileSize=100M -Dloader.path=/Users/lcc/Downloads/JAVAEE/cli/spring-dubbo-hdsx-x2/dubbo-service-nacos/nacos/nacos/plugins/health,/Users/lcc/Downloads/JAVAEE/cli/spring-dubbo-hdsx-x2/dubbo-service-nacos/nacos/nacos/plugins/cmdb,/Users/lcc/Downloads/JAVAEE/cli/spring-dubbo-hdsx-x2/dubbo-service-nacos/nacos/nacos/plugins/mysql -Dnacos.home=/Users/lcc/Downloads/JAVAEE/cli/spring-dubbo-hdsx-x2/dubbo-service-nacos/nacos/nacos -jar /Users/lcc/Downloads/JAVAEE/cli/spring-dubbo-hdsx-x2/dubbo-service-nacos/nacos/nacos/target/nacos-server.jar  --spring.config.location=classpath:/,classpath:/config/,file:./,file:./config/,file:/Users/lcc/Downloads/JAVAEE/cli/spring-dubbo-hdsx-x2/dubbo-service-nacos/nacos/nacos/conf/ --logging.config=/Users/lcc/Downloads/JAVAEE/cli/spring-dubbo-hdsx-x2/dubbo-service-nacos/nacos/nacos/conf/nacos-logback.xml --server.max-http-header-size=524288

         ,--.
       ,--.'|
   ,--,:  : |                                           Nacos 1.2.0-beta.0
,`--.'`|  ' :                       ,---.               Running in stand alone mode, All function modules
|   :  :  | |                      '   ,'\   .--.--.    Port: 8848
:   |   \ | :  ,--.--.     ,---.  /   /   | /  /    '   Pid: 13352
|   : '  '; | /       \   /     \.   ; ,. :|  :  /`./   Console: http://192.168.31.22:8848/nacos/index.html
'   ' ;.    ;.--.  .-. | /    / ''   | |: :|  :  ;_
|   | | \   | \__\/: . ..    ' / '   | .; : \  \    `.      https://nacos.io
'   : |  ; .' ," .--.; |'   ; :__|   :    |  `----.   \
|   | '`--'  /  /  ,.  |'   | '.'|\   \  /  /  /`--'  /
'   : |     ;  :   .'   \   :    : `----'  '--'.     /
;   |.'     |  ,     .-./\   \  /            `--'---'
'---'        `--`---'     `----'

2020-02-19 22:52:44,146 INFO Bean 'org.springframework.security.config.annotation.configuration.ObjectPostProcessorConfiguration' of type [org.springframework.security.config.annotation.configuration.ObjectPostProcessorConfiguration$$EnhancerBySpringCGLIB$$41fc872e] is not eligible for getting processed by all BeanPostProcessors (for example: not eligible for auto-proxying)

2020-02-19 22:52:44,307 INFO Bean 'objectPostProcessor' of type [org.springframework.security.config.annotation.configuration.AutowireBeanFactoryObjectPostProcessor] is not eligible for getting processed by all BeanPostProcessors (for example: not eligible for auto-proxying)

2020-02-19 22:52:44,311 INFO Bean 'org.springframework.security.access.expression.method.DefaultMethodSecurityExpressionHandler@6cb107fd' of type [org.springframework.security.access.expression.method.DefaultMethodSecurityExpressionHandler] is not eligible for getting processed by all BeanPostProcessors (for example: not eligible for auto-proxying)

2020-02-19 22:52:44,316 INFO Bean 'org.springframework.security.config.annotation.method.configuration.GlobalMethodSecurityConfiguration' of type [org.springframework.security.config.annotation.method.configuration.GlobalMethodSecurityConfiguration$$EnhancerBySpringCGLIB$$66d129e0] is not eligible for getting processed by all BeanPostProcessors (for example: not eligible for auto-proxying)

2020-02-19 22:52:44,324 INFO Bean 'methodSecurityMetadataSource' of type [org.springframework.security.access.method.DelegatingMethodSecurityMetadataSource] is not eligible for getting processed by all BeanPostProcessors (for example: not eligible for auto-proxying)

2020-02-19 22:52:45,259 INFO Tomcat initialized with port(s): 8848 (http)

2020-02-19 22:52:45,638 INFO Root WebApplicationContext: initialization completed in 6790 ms

2020-02-19 22:52:57,683 INFO Initializing ExecutorService 'applicationTaskExecutor'

2020-02-19 22:52:58,578 INFO Adding welcome page: class path resource [static/index.html]

2020-02-19 22:53:00,895 INFO Creating filter chain: Ant [pattern='/**'], []

2020-02-19 22:53:01,047 INFO Creating filter chain: any request, [org.springframework.security.web.context.request.async.WebAsyncManagerIntegrationFilter@591e58fa, org.springframework.security.web.context.SecurityContextPersistenceFilter@32cb636e, org.springframework.security.web.header.HeaderWriterFilter@439a8f59, org.springframework.security.web.csrf.CsrfFilter@25f7391e, org.springframework.security.web.authentication.logout.LogoutFilter@6fff253c, org.springframework.security.web.savedrequest.RequestCacheAwareFilter@40dd3977, org.springframework.security.web.servletapi.SecurityContextHolderAwareRequestFilter@62dae245, org.springframework.security.web.authentication.AnonymousAuthenticationFilter@3954d008, org.springframework.security.web.session.SessionManagementFilter@31024624, org.springframework.security.web.access.ExceptionTranslationFilter@5ab14cb9]

2020-02-19 22:53:01,559 INFO Exposing 2 endpoint(s) beneath base path '/actuator'

2020-02-19 22:53:01,700 INFO Initializing ExecutorService 'taskScheduler'

2020-02-19 22:53:02,286 INFO Tomcat started on port(s): 8848 (http) with context path '/nacos'

2020-02-19 22:53:02,339 INFO Nacos logs files: /Users/lcc/Downloads/JAVAEE/cli/spring-dubbo-hdsx-x2/dubbo-service-nacos/nacos/nacos/logs/

2020-02-19 22:53:02,340 INFO Nacos conf files: /Users/lcc/Downloads/JAVAEE/cli/spring-dubbo-hdsx-x2/dubbo-service-nacos/nacos/nacos/conf/

2020-02-19 22:53:02,341 INFO Nacos data files: /Users/lcc/Downloads/JAVAEE/cli/spring-dubbo-hdsx-x2/dubbo-service-nacos/nacos/nacos/data/

2020-02-19 22:53:02,341 INFO Nacos started successfully in stand alone mode.

2020-02-19 22:53:05,043 INFO Initializing Servlet 'dispatcherServlet'

2020-02-19 22:53:05,089 INFO Completed initialization in 46 ms

